*** Starting uWSGI 2.0.21 (64bit) on [Sun Jul 30 10:16:57 2023] ***
compiled with version: 11.3.1 20221121 (Red Hat 11.3.1-4) on 27 July 2023 11:18:53
os: Linux-6.1.38-59.109.amzn2023.x86_64 #1 SMP PREEMPT_DYNAMIC Tue Jul 11 23:51:29 UTC 2023
nodename: ip-172-31-34-157.ap-south-1.compute.internal
machine: x86_64
clock source: unix
detected number of CPU cores: 1
current working directory: /home/ec2-user/shaunslib
detected binary path: /home/ec2-user/.local/bin/uwsgi
!!! no internal routing support, rebuild with pcre support !!!
your memory page size is 4096 bytes
detected max file descriptor number: 65535
lock engine: pthread robust mutexes
thunder lock: disabled (you can enable it with --thunder-lock)
uwsgi socket 0 bound to UNIX address /home/ec2-user/shaunslib/app.sock fd 5
Python version: 3.9.16 (main, Feb 23 2023, 00:00:00)  [GCC 11.3.1 20221121 (Red Hat 11.3.1-4)]
*** Python threads support is disabled. You can enable it with --enable-threads ***
Python main interpreter initialized at 0xac5c80
your server socket listen backlog is limited to 100 connections
your mercy for graceful operations on workers is 60 seconds
mapped 437424 bytes (427 KB) for 5 cores
*** Operational MODE: preforking ***
WSGI app 0 (mountpoint='') ready in 0 seconds on interpreter 0xac5c80 pid: 4895 (default app)
*** uWSGI is running in multiple interpreter mode ***
spawned uWSGI master process (pid: 4895)
spawned uWSGI worker 1 (pid: 4950, cores: 1)
spawned uWSGI worker 2 (pid: 4951, cores: 1)
spawned uWSGI worker 3 (pid: 4952, cores: 1)
spawned uWSGI worker 4 (pid: 4953, cores: 1)
spawned uWSGI worker 5 (pid: 4954, cores: 1)
SIGINT/SIGTERM received...killing workers...
worker 1 buried after 1 seconds
worker 2 buried after 1 seconds
worker 3 buried after 1 seconds
worker 4 buried after 1 seconds
worker 5 buried after 1 seconds
goodbye to uWSGI.
VACUUM: unix socket /home/ec2-user/shaunslib/app.sock removed.
*** Starting uWSGI 2.0.21 (64bit) on [Sun Jul 30 10:30:25 2023] ***
compiled with version: 11.3.1 20221121 (Red Hat 11.3.1-4) on 27 July 2023 11:18:53
os: Linux-6.1.38-59.109.amzn2023.x86_64 #1 SMP PREEMPT_DYNAMIC Tue Jul 11 23:51:29 UTC 2023
nodename: ip-172-31-34-157.ap-south-1.compute.internal
machine: x86_64
clock source: unix
detected number of CPU cores: 1
current working directory: /home/ec2-user/shaunslib
detected binary path: /home/ec2-user/.local/bin/uwsgi
!!! no internal routing support, rebuild with pcre support !!!
your memory page size is 4096 bytes
detected max file descriptor number: 65535
lock engine: pthread robust mutexes
thunder lock: disabled (you can enable it with --thunder-lock)
uwsgi socket 0 bound to UNIX address /home/ec2-user/shaunslib/app.sock fd 5
Python version: 3.9.16 (main, Feb 23 2023, 00:00:00)  [GCC 11.3.1 20221121 (Red Hat 11.3.1-4)]
*** Python threads support is disabled. You can enable it with --enable-threads ***
Python main interpreter initialized at 0x1197c80
your server socket listen backlog is limited to 100 connections
your mercy for graceful operations on workers is 60 seconds
mapped 437424 bytes (427 KB) for 5 cores
*** Operational MODE: preforking ***
WSGI app 0 (mountpoint='') ready in 0 seconds on interpreter 0x1197c80 pid: 2682 (default app)
*** uWSGI is running in multiple interpreter mode ***
spawned uWSGI master process (pid: 2682)
spawned uWSGI worker 1 (pid: 2684, cores: 1)
spawned uWSGI worker 2 (pid: 2685, cores: 1)
spawned uWSGI worker 3 (pid: 2686, cores: 1)
spawned uWSGI worker 4 (pid: 2687, cores: 1)
spawned uWSGI worker 5 (pid: 2688, cores: 1)
[pid: 2684|app: 0|req: 1/1] 185.180.143.140 () {36 vars in 503 bytes} [Sun Jul 30 10:40:51 2023] GET / => generated 102 bytes in 9 msecs (HTTP/1.1 200) 2 headers in 80 bytes (2 switches on core 0)
[pid: 2684|app: 0|req: 2/2] 152.58.32.187 () {48 vars in 736 bytes} [Sun Jul 30 10:50:53 2023] GET / => generated 102 bytes in 1 msecs (HTTP/1.1 200) 2 headers in 80 bytes (2 switches on core 0)
[pid: 2685|app: 0|req: 1/3] 152.58.32.187 () {48 vars in 736 bytes} [Sun Jul 30 10:50:59 2023] GET / => generated 102 bytes in 8 msecs (HTTP/1.1 200) 2 headers in 80 bytes (2 switches on core 0)
[pid: 2684|app: 0|req: 3/4] 152.58.32.187 () {48 vars in 736 bytes} [Sun Jul 30 10:51:01 2023] GET / => generated 102 bytes in 0 msecs (HTTP/1.1 200) 2 headers in 80 bytes (1 switches on core 0)
[pid: 2688|app: 0|req: 1/5] 152.58.32.187 () {48 vars in 736 bytes} [Sun Jul 30 10:51:03 2023] GET / => generated 102 bytes in 8 msecs (HTTP/1.1 200) 2 headers in 80 bytes (1 switches on core 0)
[pid: 2684|app: 0|req: 4/6] 152.58.32.187 () {48 vars in 736 bytes} [Sun Jul 30 10:51:31 2023] GET / => generated 102 bytes in 0 msecs (HTTP/1.1 200) 2 headers in 80 bytes (2 switches on core 0)
[pid: 2685|app: 0|req: 2/7] 152.58.32.187 () {48 vars in 736 bytes} [Sun Jul 30 10:51:33 2023] GET / => generated 102 bytes in 0 msecs (HTTP/1.1 200) 2 headers in 80 bytes (2 switches on core 0)
[pid: 2686|app: 0|req: 1/8] 152.58.31.100 () {54 vars in 922 bytes} [Sun Jul 30 10:52:05 2023] GET / => generated 102 bytes in 8 msecs (HTTP/1.1 200) 2 headers in 80 bytes (1 switches on core 0)
[pid: 2684|app: 0|req: 5/9] 152.58.31.100 () {56 vars in 887 bytes} [Sun Jul 30 10:52:05 2023] GET /sw.js => generated 207 bytes in 1 msecs (HTTP/1.1 404) 2 headers in 87 bytes (1 switches on core 0)
[pid: 2688|app: 0|req: 2/10] 152.58.31.100 () {56 vars in 887 bytes} [Sun Jul 30 10:52:06 2023] GET /sw.js => generated 207 bytes in 1 msecs (HTTP/1.1 404) 2 headers in 87 bytes (1 switches on core 0)
SIGINT/SIGTERM received...killing workers...
worker 1 buried after 2 seconds
worker 2 buried after 1 seconds
worker 3 buried after 1 seconds
worker 4 buried after 1 seconds
worker 5 buried after 1 seconds
goodbye to uWSGI.
unlink(): No such file or directory [core/uwsgi.c line 1662]
